<?xml version="1.0" encoding="UTF-8"?>
<!-- Generated by org.testng.reporters.JUnitReportReporter -->
<testsuite hostname="RP" failures="0" tests="11" name="tests.E2e" time="14.995" errors="0" timestamp="2024-03-26T12:06:32 IST" skipped="0">
  <testcase classname="tests.E2e" name="login" time="2.906"/>
  <system-out>
    <![CDATA[
 logged in]]>
  </system-out>
  <testcase classname="tests.E2e" name="viewProducts" time="2.341"/>
  <system-out/>
  <testcase classname="tests.E2e" name="addToCart" time="1.088"/>
  <system-out/>
  <testcase classname="tests.E2e" name="updateCart" time="1.049"/>
  <system-out/>
  <testcase classname="tests.E2e" name="getCart" time="1.047"/>
  <system-out/>
  <testcase classname="tests.E2e" name="addAddress" time="1.097"/>
  <system-out/>
  <testcase classname="tests.E2e" name="PlaceOrder" time="1.078"/>
  <system-out/>
  <testcase classname="tests.E2e" name="updateOrder" time="1.108"/>
  <system-out/>
  <testcase classname="tests.E2e" name="addReview" time="1.140"/>
  <system-out/>
  <testcase classname="tests.E2e" name="updateReview" time="1.095"/>
  <system-out/>
  <testcase classname="tests.E2e" name="deleteReview" time="1.046"/>
  <system-out/>
</testsuite> <!-- tests.E2e -->
